<?xml version="1.0" encoding="UTF-8"?>
<!-- Generated by org.testng.reporters.JUnitXMLReporter -->
<testsuite hostname="DESKTOP-578IDA2" ignored="3" name="Test" tests="7" failures="0" timestamp="09 Jan 2019 21:16:12 GMT" time="13.928" errors="0">
  <testcase name="Testcase1" time="4.75" classname="seleniumJavaFramework.Testng"/>
  <testcase name="Testcase2" time="3.191" classname="seleniumJavaFramework.Testng"/>
  <testcase name="Testcase3" time="0.207" classname="seleniumJavaFramework.Testng"/>
  <testcase name="Testcase4" time="0.095" classname="seleniumJavaFramework.Testng"/>
  <testcase name="TestCase5" time="0.065" classname="seleniumJavaFramework.Testng2"/>
  <testcase name="TestCase6" time="0.128" classname="seleniumJavaFramework.Testng2"/>
  <testcase name="TestCase7" time="0.111" classname="seleniumJavaFramework.Testng2"/>
  <testcase name="@BeforeSuite ExtentReport" time="0.0" classname="seleniumJavaFramework.baseClass">
    <ignored/>
  </testcase> <!-- @BeforeSuite ExtentReport -->
  <testcase name="@AfterSuite FinalStep" time="0.0" classname="seleniumJavaFramework.baseClass">
    <ignored/>
  </testcase> <!-- @AfterSuite FinalStep -->
  <testcase name="@BeforeTest OpenUrl" time="0.0" classname="seleniumJavaFramework.baseClass">
    <ignored/>
  </testcase> <!-- @BeforeTest OpenUrl -->
</testsuite> <!-- Test -->
