<?xml version="1.0" encoding="UTF-8"?>
<testng-results skipped="0" failed="0" ignored="3" total="10" passed="7">
  <reporter-output>
  </reporter-output>
  <suite name="Suite" duration-ms="13928" started-at="2019-01-09T21:15:58Z" finished-at="2019-01-09T21:16:12Z">
    <groups>
    </groups>
    <test name="Test" duration-ms="13928" started-at="2019-01-09T21:15:58Z" finished-at="2019-01-09T21:16:12Z">
      <class name="seleniumJavaFramework.Testng">
        <test-method status="PASS" signature="ExtentReport()[pri:0, instance:seleniumJavaFramework.Testng@57fffcd7]" name="ExtentReport" is-config="true" duration-ms="150" started-at="2019-01-09T21:15:58Z" finished-at="2019-01-09T21:15:58Z">
          <reporter-output>
          </reporter-output>
        </test-method> <!-- ExtentReport -->
        <test-method status="PASS" signature="OpenUrl()[pri:0, instance:seleniumJavaFramework.Testng@57fffcd7]" name="OpenUrl" is-config="true" duration-ms="2905" started-at="2019-01-09T21:15:58Z" finished-at="2019-01-09T21:16:01Z">
          <reporter-output>
          </reporter-output>
        </test-method> <!-- OpenUrl -->
        <test-method status="PASS" signature="setup(java.lang.reflect.Method)[pri:0, instance:seleniumJavaFramework.Testng@57fffcd7]" name="setup" is-config="true" duration-ms="6" started-at="2019-01-09T21:16:01Z" finished-at="2019-01-09T21:16:01Z">
          <params>
            <param index="0">
              <value>
                <![CDATA[public void seleniumJavaFramework.Testng.Testcase1()]]>
              </value>
            </param>
          </params>
          <reporter-output>
          </reporter-output>
        </test-method> <!-- setup -->
        <test-method status="PASS" signature="Testcase1()[pri:0, instance:seleniumJavaFramework.Testng@57fffcd7]" name="Testcase1" duration-ms="4750" started-at="2019-01-09T21:16:01Z" finished-at="2019-01-09T21:16:06Z">
          <reporter-output>
          </reporter-output>
        </test-method> <!-- Testcase1 -->
        <test-method status="PASS" signature="teardown(org.testng.ITestResult)[pri:0, instance:seleniumJavaFramework.Testng@57fffcd7]" name="teardown" is-config="true" duration-ms="378" started-at="2019-01-09T21:16:06Z" finished-at="2019-01-09T21:16:06Z">
          <params>
            <param index="0">
              <value>
                <![CDATA[[TestResult name=Testcase1 status=SUCCESS method=Testng.Testcase1()[pri:0, instance:seleniumJavaFramework.Testng@57fffcd7] output={null}]]]>
              </value>
            </param>
          </params>
          <reporter-output>
          </reporter-output>
        </test-method> <!-- teardown -->
        <test-method status="PASS" signature="setup(java.lang.reflect.Method)[pri:0, instance:seleniumJavaFramework.Testng@57fffcd7]" name="setup" is-config="true" duration-ms="0" started-at="2019-01-09T21:16:06Z" finished-at="2019-01-09T21:16:06Z">
          <params>
            <param index="0">
              <value>
                <![CDATA[public void seleniumJavaFramework.Testng.Testcase2() throws java.lang.InterruptedException]]>
              </value>
            </param>
          </params>
          <reporter-output>
          </reporter-output>
        </test-method> <!-- setup -->
        <test-method status="PASS" signature="Testcase2()[pri:0, instance:seleniumJavaFramework.Testng@57fffcd7]" name="Testcase2" duration-ms="3191" started-at="2019-01-09T21:16:06Z" finished-at="2019-01-09T21:16:10Z">
          <reporter-output>
          </reporter-output>
        </test-method> <!-- Testcase2 -->
        <test-method status="PASS" signature="teardown(org.testng.ITestResult)[pri:0, instance:seleniumJavaFramework.Testng@57fffcd7]" name="teardown" is-config="true" duration-ms="334" started-at="2019-01-09T21:16:10Z" finished-at="2019-01-09T21:16:10Z">
          <params>
            <param index="0">
              <value>
                <![CDATA[[TestResult name=Testcase2 status=SUCCESS method=Testng.Testcase2()[pri:0, instance:seleniumJavaFramework.Testng@57fffcd7] output={null}]]]>
              </value>
            </param>
          </params>
          <reporter-output>
          </reporter-output>
        </test-method> <!-- teardown -->
        <test-method status="PASS" signature="Testcase3()[pri:0, instance:seleniumJavaFramework.Testng@57fffcd7]" name="Testcase3" duration-ms="207" started-at="2019-01-09T21:16:10Z" finished-at="2019-01-09T21:16:10Z">
          <reporter-output>
          </reporter-output>
        </test-method> <!-- Testcase3 -->
        <test-method status="PASS" signature="setup(java.lang.reflect.Method)[pri:0, instance:seleniumJavaFramework.Testng@57fffcd7]" name="setup" is-config="true" duration-ms="0" started-at="2019-01-09T21:16:10Z" finished-at="2019-01-09T21:16:10Z">
          <params>
            <param index="0">
              <value>
                <![CDATA[public void seleniumJavaFramework.Testng.Testcase3()]]>
              </value>
            </param>
          </params>
          <reporter-output>
          </reporter-output>
        </test-method> <!-- setup -->
        <test-method status="PASS" signature="teardown(org.testng.ITestResult)[pri:0, instance:seleniumJavaFramework.Testng@57fffcd7]" name="teardown" is-config="true" duration-ms="358" started-at="2019-01-09T21:16:10Z" finished-at="2019-01-09T21:16:10Z">
          <params>
            <param index="0">
              <value>
                <![CDATA[[TestResult name=Testcase3 status=SUCCESS method=Testng.Testcase3()[pri:0, instance:seleniumJavaFramework.Testng@57fffcd7] output={null}]]]>
              </value>
            </param>
          </params>
          <reporter-output>
          </reporter-output>
        </test-method> <!-- teardown -->
        <test-method status="PASS" signature="Testcase4()[pri:0, instance:seleniumJavaFramework.Testng@57fffcd7]" name="Testcase4" duration-ms="95" started-at="2019-01-09T21:16:10Z" finished-at="2019-01-09T21:16:11Z">
          <reporter-output>
          </reporter-output>
        </test-method> <!-- Testcase4 -->
        <test-method status="PASS" signature="setup(java.lang.reflect.Method)[pri:0, instance:seleniumJavaFramework.Testng@57fffcd7]" name="setup" is-config="true" duration-ms="0" started-at="2019-01-09T21:16:10Z" finished-at="2019-01-09T21:16:10Z">
          <params>
            <param index="0">
              <value>
                <![CDATA[public void seleniumJavaFramework.Testng.Testcase4()]]>
              </value>
            </param>
          </params>
          <reporter-output>
          </reporter-output>
        </test-method> <!-- setup -->
        <test-method status="PASS" signature="teardown(org.testng.ITestResult)[pri:0, instance:seleniumJavaFramework.Testng@57fffcd7]" name="teardown" is-config="true" duration-ms="331" started-at="2019-01-09T21:16:11Z" finished-at="2019-01-09T21:16:11Z">
          <params>
            <param index="0">
              <value>
                <![CDATA[[TestResult name=Testcase4 status=SUCCESS method=Testng.Testcase4()[pri:0, instance:seleniumJavaFramework.Testng@57fffcd7] output={null}]]]>
              </value>
            </param>
          </params>
          <reporter-output>
          </reporter-output>
        </test-method> <!-- teardown -->
        <test-method status="PASS" signature="FinalStep()[pri:0, instance:seleniumJavaFramework.Testng@57fffcd7]" name="FinalStep" is-config="true" duration-ms="236" started-at="2019-01-09T21:16:12Z" finished-at="2019-01-09T21:16:13Z">
          <reporter-output>
          </reporter-output>
        </test-method> <!-- FinalStep -->
      </class> <!-- seleniumJavaFramework.Testng -->
      <class name="seleniumJavaFramework.Testng2">
        <test-method status="PASS" signature="setup(java.lang.reflect.Method)[pri:0, instance:seleniumJavaFramework.Testng2@31ef45e3]" name="setup" is-config="true" duration-ms="0" started-at="2019-01-09T21:16:11Z" finished-at="2019-01-09T21:16:11Z">
          <params>
            <param index="0">
              <value>
                <![CDATA[public void seleniumJavaFramework.Testng2.TestCase5()]]>
              </value>
            </param>
          </params>
          <reporter-output>
          </reporter-output>
        </test-method> <!-- setup -->
        <test-method status="PASS" signature="TestCase5()[pri:0, instance:seleniumJavaFramework.Testng2@31ef45e3]" name="TestCase5" duration-ms="65" started-at="2019-01-09T21:16:11Z" finished-at="2019-01-09T21:16:11Z">
          <reporter-output>
          </reporter-output>
        </test-method> <!-- TestCase5 -->
        <test-method status="PASS" signature="teardown(org.testng.ITestResult)[pri:0, instance:seleniumJavaFramework.Testng2@31ef45e3]" name="teardown" is-config="true" duration-ms="346" started-at="2019-01-09T21:16:11Z" finished-at="2019-01-09T21:16:11Z">
          <params>
            <param index="0">
              <value>
                <![CDATA[[TestResult name=TestCase5 status=SUCCESS method=Testng2.TestCase5()[pri:0, instance:seleniumJavaFramework.Testng2@31ef45e3] output={null}]]]>
              </value>
            </param>
          </params>
          <reporter-output>
          </reporter-output>
        </test-method> <!-- teardown -->
        <test-method status="PASS" signature="setup(java.lang.reflect.Method)[pri:0, instance:seleniumJavaFramework.Testng2@31ef45e3]" name="setup" is-config="true" duration-ms="2" started-at="2019-01-09T21:16:11Z" finished-at="2019-01-09T21:16:11Z">
          <params>
            <param index="0">
              <value>
                <![CDATA[public void seleniumJavaFramework.Testng2.TestCase6()]]>
              </value>
            </param>
          </params>
          <reporter-output>
          </reporter-output>
        </test-method> <!-- setup -->
        <test-method status="PASS" signature="TestCase6()[pri:0, instance:seleniumJavaFramework.Testng2@31ef45e3]" name="TestCase6" duration-ms="128" started-at="2019-01-09T21:16:11Z" finished-at="2019-01-09T21:16:11Z">
          <reporter-output>
          </reporter-output>
        </test-method> <!-- TestCase6 -->
        <test-method status="PASS" signature="teardown(org.testng.ITestResult)[pri:0, instance:seleniumJavaFramework.Testng2@31ef45e3]" name="teardown" is-config="true" duration-ms="350" started-at="2019-01-09T21:16:11Z" finished-at="2019-01-09T21:16:12Z">
          <params>
            <param index="0">
              <value>
                <![CDATA[[TestResult name=TestCase6 status=SUCCESS method=Testng2.TestCase6()[pri:0, instance:seleniumJavaFramework.Testng2@31ef45e3] output={null}]]]>
              </value>
            </param>
          </params>
          <reporter-output>
          </reporter-output>
        </test-method> <!-- teardown -->
        <test-method status="PASS" signature="TestCase7()[pri:0, instance:seleniumJavaFramework.Testng2@31ef45e3]" name="TestCase7" duration-ms="111" started-at="2019-01-09T21:16:12Z" finished-at="2019-01-09T21:16:12Z">
          <reporter-output>
          </reporter-output>
        </test-method> <!-- TestCase7 -->
        <test-method status="PASS" signature="setup(java.lang.reflect.Method)[pri:0, instance:seleniumJavaFramework.Testng2@31ef45e3]" name="setup" is-config="true" duration-ms="0" started-at="2019-01-09T21:16:12Z" finished-at="2019-01-09T21:16:12Z">
          <params>
            <param index="0">
              <value>
                <![CDATA[public void seleniumJavaFramework.Testng2.TestCase7()]]>
              </value>
            </param>
          </params>
          <reporter-output>
          </reporter-output>
        </test-method> <!-- setup -->
        <test-method status="PASS" signature="teardown(org.testng.ITestResult)[pri:0, instance:seleniumJavaFramework.Testng2@31ef45e3]" name="teardown" is-config="true" duration-ms="338" started-at="2019-01-09T21:16:12Z" finished-at="2019-01-09T21:16:12Z">
          <params>
            <param index="0">
              <value>
                <![CDATA[[TestResult name=TestCase7 status=SUCCESS method=Testng2.TestCase7()[pri:0, instance:seleniumJavaFramework.Testng2@31ef45e3] output={null}]]]>
              </value>
            </param>
          </params>
          <reporter-output>
          </reporter-output>
        </test-method> <!-- teardown -->
      </class> <!-- seleniumJavaFramework.Testng2 -->
    </test> <!-- Test -->
  </suite> <!-- Suite -->
</testng-results>
