<?xml version="1.0" encoding="UTF-8"?>
<testng-results skipped="0" failed="0" ignored="0" total="1" passed="1">
  <reporter-output>
  </reporter-output>
  <suite name="Default suite" duration-ms="18200" started-at="2018-10-31T03:45:51Z" finished-at="2018-10-31T03:46:09Z">
    <groups>
    </groups>
    <test name="Default test" duration-ms="18200" started-at="2018-10-31T03:45:51Z" finished-at="2018-10-31T03:46:09Z">
      <class name="SeleniumPractice.Basics.radiocheckbox">
        <test-method status="PASS" signature="Test(java.util.Hashtable)[pri:0, instance:SeleniumPractice.Basics.radiocheckbox@1bce4f0a]" name="Test" duration-ms="17668" started-at="2018-10-31T03:45:52Z" data-provider="test" finished-at="2018-10-31T03:46:09Z">
          <params>
            <param index="0">
              <value>
                <![CDATA[{2={a=c, third=jhjkhk, second=yuiyy, fiirst=jjyui, fourth= }, 1={a=b, third=jkhkl, second=vbmn, fiirst=1zxc0, fourth=uyiui}}]]>
              </value>
            </param>
          </params>
          <reporter-output>
          </reporter-output>
        </test-method> <!-- Test -->
      </class> <!-- SeleniumPractice.Basics.radiocheckbox -->
    </test> <!-- Default test -->
  </suite> <!-- Default suite -->
</testng-results>
